2015:03:09 05:31:55 - –ó–∞–ø–∏—Å—å —Å —É–∫–∞–∑–∞–Ω–Ω—ã–º –∏–¥–µ–Ω—Ç–∏—Ñ–∏–∫–∞—Ç–æ—Ä–æ–º –Ω–µ –Ω–∞–π–¥–µ–Ω–∞ ! 
2015:03:09 05:33:21 - –ó–∞–ø–∏—Å—å —Å —É–∫–∞–∑–∞–Ω–Ω—ã–º –∏–¥–µ–Ω—Ç–∏—Ñ–∏–∫–∞—Ç–æ—Ä–æ–º –Ω–µ –Ω–∞–π–¥–µ–Ω–∞ ! 
2015:03:09 05:38:22 - –ó–∞–ø–∏—Å—å —Å —É–∫–∞–∑–∞–Ω–Ω—ã–º –∏–¥–µ–Ω—Ç–∏—Ñ–∏–∫–∞—Ç–æ—Ä–æ–º –Ω–µ –Ω–∞–π–¥–µ–Ω–∞ !  - 54 - C:\OpenServer\domains\php2\lesson6\classes\AbstractModel.php
2015:03:09 05:38:25 - –ó–∞–ø–∏—Å—å —Å —É–∫–∞–∑–∞–Ω–Ω—ã–º –∏–¥–µ–Ω—Ç–∏—Ñ–∏–∫–∞—Ç–æ—Ä–æ–º –Ω–µ –Ω–∞–π–¥–µ–Ω–∞ !  - 54 - C:\OpenServer\domains\php2\lesson6\classes\AbstractModel.php
2015:03:09 06:00:39 - SQLSTATE[HY000] [1045] Access denied for user 'root2'@'localhost' (using password: NO) - 26 - C:\OpenServer\domains\php2\lesson6\settings\PDOConfig.php
2015:03:09 06:02:33 - SQLSTATE[HY000] [1045] Access denied for user 'root'@'localhost' (using password: YES) - 26 - C:\OpenServer\domains\php2\lesson6\settings\PDOConfig.php
2015:03:09 06:03:24 - SQLSTATE[HY000] [2002] php_network_getaddresses: getaddrinfo failed: ›ÚÓÚ ıÓÒÚ ÌÂËÁ‚ÂÒÚÂÌ.  - 26 - C:\OpenServer\domains\php2\lesson6\settings\PDOConfig.php
2015:03:09 06:13:22 - –ù–µ —É–¥–∞–ª–æ—Å—å –ø–æ–¥–∫–ª—é—á–∏—Ç—å—Å—è –∫ –ë–î ! - 17 - C:\OpenServer\domains\php2\lesson6\models\db.php
2015:03:09 06:13:34 - –ù–µ —É–¥–∞–ª–æ—Å—å –ø–æ–¥–∫–ª—é—á–∏—Ç—å—Å—è –∫ –ë–î ! - 17 - C:\OpenServer\domains\php2\lesson6\models\db.php
2015:03:09 06:13:34 - –ù–µ —É–¥–∞–ª–æ—Å—å –ø–æ–¥–∫–ª—é—á–∏—Ç—å—Å—è –∫ –ë–î ! - 17 - C:\OpenServer\domains\php2\lesson6\models\db.php
2015:03:09 06:20:36 - –ù–µ —É–¥–∞–ª–æ—Å—å –ø–æ–¥–∫–ª—é—á–∏—Ç—å—Å—è –∫ –ë–î ! - 17 - C:\OpenServer\domains\php2\lesson6\models\db.php
2015:03:09 06:20:38 - –ù–µ —É–¥–∞–ª–æ—Å—å –ø–æ–¥–∫–ª—é—á–∏—Ç—å—Å—è –∫ –ë–î ! - 17 - C:\OpenServer\domains\php2\lesson6\models\db.php
2015:03:09 06:26:19 - –ó–∞–ø–∏—Å—å —Å —É–∫–∞–∑–∞–Ω–Ω—ã–º –∏–¥–µ–Ω—Ç–∏—Ñ–∏–∫–∞—Ç–æ—Ä–æ–º –Ω–µ –Ω–∞–π–¥–µ–Ω–∞ !  - 54 - C:\OpenServer\domains\php2\lesson6\classes\AbstractModel.php
2015:03:09 06:26:32 - –ó–∞–ø–∏—Å—å —Å —É–∫–∞–∑–∞–Ω–Ω—ã–º –∏–¥–µ–Ω—Ç–∏—Ñ–∏–∫–∞—Ç–æ—Ä–æ–º –Ω–µ –Ω–∞–π–¥–µ–Ω–∞ !  - 54 - C:\OpenServer\domains\php2\lesson6\classes\AbstractModel.php
2015:03:09 07:28:12 - –ó–∞–ø–∏—Å—å —Å —É–∫–∞–∑–∞–Ω–Ω—ã–º –∏–¥–µ–Ω—Ç–∏—Ñ–∏–∫–∞—Ç–æ—Ä–æ–º –Ω–µ –Ω–∞–π–¥–µ–Ω–∞ !  - —Å—Ç—Ä.53 –≤ —Ñ–∞–π–ª–µ C:\OpenServer\domains\php2\lesson6\classes\AbstractModel.php
2015:03:09 07:28:32 - –ó–∞–ø–∏—Å—å —Å —É–∫–∞–∑–∞–Ω–Ω—ã–º –∏–¥–µ–Ω—Ç–∏—Ñ–∏–∫–∞—Ç–æ—Ä–æ–º –Ω–µ –Ω–∞–π–¥–µ–Ω–∞ !  - —Å—Ç—Ä.53 –≤ —Ñ–∞–π–ª–µ C:\OpenServer\domains\php2\lesson6\classes\AbstractModel.php
2015:03:09 07:31:04 - –ó–∞–ø–∏—Å—å —Å —É–∫–∞–∑–∞–Ω–Ω—ã–º –∏–¥–µ–Ω—Ç–∏—Ñ–∏–∫–∞—Ç–æ—Ä–æ–º –Ω–µ –Ω–∞–π–¥–µ–Ω–∞ !  - —Å—Ç—Ä.53 –≤ —Ñ–∞–π–ª–µ C:\OpenServer\domains\php2\lesson6\classes\AbstractModel.php
2015:03:09 07:31:25 - –ó–∞–ø–∏—Å—å —Å —É–∫–∞–∑–∞–Ω–Ω—ã–º –∏–¥–µ–Ω—Ç–∏—Ñ–∏–∫–∞—Ç–æ—Ä–æ–º –Ω–µ –Ω–∞–π–¥–µ–Ω–∞ !  - —Å—Ç—Ä.53 –≤ —Ñ–∞–π–ª–µ C:\OpenServer\domains\php2\lesson6\classes\AbstractModel.php
2015:03:09 19:33:16 - –ó–∞–ø–∏—Å—å —Å —É–∫–∞–∑–∞–Ω–Ω—ã–º –∏–¥–µ–Ω—Ç–∏—Ñ–∏–∫–∞—Ç–æ—Ä–æ–º –Ω–µ –Ω–∞–π–¥–µ–Ω–∞ !  - —Å—Ç—Ä.53 –≤ —Ñ–∞–π–ª–µ C:\OpenServer\domains\php2\lesson6\classes\AbstractModel.php
2015:03:09 19:34:03 - –ó–∞–ø–∏—Å—å —Å —É–∫–∞–∑–∞–Ω–Ω—ã–º –∏–¥–µ–Ω—Ç–∏—Ñ–∏–∫–∞—Ç–æ—Ä–æ–º –Ω–µ –Ω–∞–π–¥–µ–Ω–∞ !  - —Å—Ç—Ä.53 –≤ —Ñ–∞–π–ª–µ C:\OpenServer\domains\php2\lesson6\classes\AbstractModel.php
2015:03:09 19:36:07 - –ó–∞–ø–∏—Å—å —Å —É–∫–∞–∑–∞–Ω–Ω—ã–º –∏–¥–µ–Ω—Ç–∏—Ñ–∏–∫–∞—Ç–æ—Ä–æ–º –Ω–µ –Ω–∞–π–¥–µ–Ω–∞ !  - —Å—Ç—Ä.53 –≤ —Ñ–∞–π–ª–µ C:\OpenServer\domains\php2\lesson6\classes\AbstractModel.php
2015:03:12 15:30:42 - –û—à–∏–±–∫–∞ 404 ! –û—Ç—Å—É—Ç—Å–≤—É–µ—Ç id –∑–∞–¥–∞–Ω–æ–π –Ω–æ–≤–æ—Å—Ç–∏ - —Å—Ç—Ä.57 –≤ —Ñ–∞–π–ª–µ C:\OpenServer\domains\php2hw7\Controllers\NewsController.php
2015:03:12 15:31:46 - –û—à–∏–±–∫–∞ 404 ! –û—Ç—Å—É—Ç—Å–≤—É–µ—Ç id –∑–∞–¥–∞–Ω–æ–π –Ω–æ–≤–æ—Å—Ç–∏ - —Å—Ç—Ä.57 –≤ —Ñ–∞–π–ª–µ C:\OpenServer\domains\php2hw7\Controllers\NewsController.php
2015:03:12 15:31:50 - –û—à–∏–±–∫–∞ 404 ! –û—Ç—Å—É—Ç—Å–≤—É–µ—Ç id –∑–∞–¥–∞–Ω–æ–π –Ω–æ–≤–æ—Å—Ç–∏ - —Å—Ç—Ä.57 –≤ —Ñ–∞–π–ª–µ C:\OpenServer\domains\php2hw7\Controllers\NewsController.php
2015:03:12 15:31:56 - –û—à–∏–±–∫–∞ 404 ! –û—Ç—Å—É—Ç—Å–≤—É–µ—Ç id –∑–∞–¥–∞–Ω–æ–π –Ω–æ–≤–æ—Å—Ç–∏ - —Å—Ç—Ä.57 –≤ —Ñ–∞–π–ª–µ C:\OpenServer\domains\php2hw7\Controllers\NewsController.php
2015:03:12 15:32:17 - –û—à–∏–±–∫–∞ 404 ! –û—Ç—Å—É—Ç—Å–≤—É–µ—Ç id –∑–∞–¥–∞–Ω–æ–π –Ω–æ–≤–æ—Å—Ç–∏ - —Å—Ç—Ä.57 –≤ —Ñ–∞–π–ª–µ C:\OpenServer\domains\php2hw7\Controllers\NewsController.php
2015:03:12 15:32:17 - –û—à–∏–±–∫–∞ 404 ! –û—Ç—Å—É—Ç—Å–≤—É–µ—Ç id –∑–∞–¥–∞–Ω–æ–π –Ω–æ–≤–æ—Å—Ç–∏ - —Å—Ç—Ä.57 –≤ —Ñ–∞–π–ª–µ C:\OpenServer\domains\php2hw7\Controllers\NewsController.php
2015:03:12 15:32:20 - –û—à–∏–±–∫–∞ 404 ! –û—Ç—Å—É—Ç—Å–≤—É–µ—Ç id –∑–∞–¥–∞–Ω–æ–π –Ω–æ–≤–æ—Å—Ç–∏ - —Å—Ç—Ä.57 –≤ —Ñ–∞–π–ª–µ C:\OpenServer\domains\php2hw7\Controllers\NewsController.php
2015:03:12 15:32:46 - –û—à–∏–±–∫–∞ 404 ! –û—Ç—Å—É—Ç—Å–≤—É–µ—Ç id –∑–∞–¥–∞–Ω–æ–π –Ω–æ–≤–æ—Å—Ç–∏ - —Å—Ç—Ä.57 –≤ —Ñ–∞–π–ª–µ C:\OpenServer\domains\php2hw7\Controllers\NewsController.php
2015:03:12 15:32:46 - –û—à–∏–±–∫–∞ 404 ! –û—Ç—Å—É—Ç—Å–≤—É–µ—Ç id –∑–∞–¥–∞–Ω–æ–π –Ω–æ–≤–æ—Å—Ç–∏ - —Å—Ç—Ä.57 –≤ —Ñ–∞–π–ª–µ C:\OpenServer\domains\php2hw7\Controllers\NewsController.php
2015:03:12 15:32:59 - –û—à–∏–±–∫–∞ 404 ! –û—Ç—Å—É—Ç—Å–≤—É–µ—Ç id –∑–∞–¥–∞–Ω–æ–π –Ω–æ–≤–æ—Å—Ç–∏ - —Å—Ç—Ä.57 –≤ —Ñ–∞–π–ª–µ C:\OpenServer\domains\php2hw7\Controllers\NewsController.php
2015:03:12 15:35:20 - –û—à–∏–±–∫–∞ 404 ! –û—Ç—Å—É—Ç—Å–≤—É–µ—Ç id –∑–∞–¥–∞–Ω–æ–π –Ω–æ–≤–æ—Å—Ç–∏ - —Å—Ç—Ä.57 –≤ —Ñ–∞–π–ª–µ C:\OpenServer\domains\php2hw7\Controllers\NewsController.php
2015:03:12 15:35:21 - –û—à–∏–±–∫–∞ 404 ! –û—Ç—Å—É—Ç—Å–≤—É–µ—Ç id –∑–∞–¥–∞–Ω–æ–π –Ω–æ–≤–æ—Å—Ç–∏ - —Å—Ç—Ä.57 –≤ —Ñ–∞–π–ª–µ C:\OpenServer\domains\php2hw7\Controllers\NewsController.php
2015:03:12 15:35:43 - –û—à–∏–±–∫–∞ 404 ! –û—Ç—Å—É—Ç—Å–≤—É–µ—Ç id –∑–∞–¥–∞–Ω–æ–π –Ω–æ–≤–æ—Å—Ç–∏ - —Å—Ç—Ä.57 –≤ —Ñ–∞–π–ª–µ C:\OpenServer\domains\php2hw7\Controllers\NewsController.php
2015:03:12 15:35:47 - –û—à–∏–±–∫–∞ 404 ! –û—Ç—Å—É—Ç—Å–≤—É–µ—Ç id –∑–∞–¥–∞–Ω–æ–π –Ω–æ–≤–æ—Å—Ç–∏ - —Å—Ç—Ä.57 –≤ —Ñ–∞–π–ª–µ C:\OpenServer\domains\php2hw7\Controllers\NewsController.php
2015:03:12 15:38:36 - –û—à–∏–±–∫–∞ 404 ! –û—Ç—Å—É—Ç—Å–≤—É–µ—Ç id –∑–∞–¥–∞–Ω–æ–π –Ω–æ–≤–æ—Å—Ç–∏ - —Å—Ç—Ä.57 –≤ —Ñ–∞–π–ª–µ C:\OpenServer\domains\php2hw7\Controllers\NewsController.php
2015:03:12 15:59:09 - –ó–∞–ø–∏—Å—å —Å —É–∫–∞–∑–∞–Ω–Ω—ã–º –∏–¥–µ–Ω—Ç–∏—Ñ–∏–∫–∞—Ç–æ—Ä–æ–º –Ω–µ –Ω–∞–π–¥–µ–Ω–∞ !  - —Å—Ç—Ä.53 –≤ —Ñ–∞–π–ª–µ C:\OpenServer\domains\php2hw7\Classes\AbstractModel.php
2015:03:12 15:59:12 - –ó–∞–ø–∏—Å—å —Å —É–∫–∞–∑–∞–Ω–Ω—ã–º –∏–¥–µ–Ω—Ç–∏—Ñ–∏–∫–∞—Ç–æ—Ä–æ–º –Ω–µ –Ω–∞–π–¥–µ–Ω–∞ !  - —Å—Ç—Ä.53 –≤ —Ñ–∞–π–ª–µ C:\OpenServer\domains\php2hw7\Classes\AbstractModel.php
2015:03:12 15:59:35 - –ó–∞–ø–∏—Å—å —Å —É–∫–∞–∑–∞–Ω–Ω—ã–º –∏–¥–µ–Ω—Ç–∏—Ñ–∏–∫–∞—Ç–æ—Ä–æ–º –Ω–µ –Ω–∞–π–¥–µ–Ω–∞ !  - —Å—Ç—Ä.53 –≤ —Ñ–∞–π–ª–µ C:\OpenServer\domains\php2hw7\Classes\AbstractModel.php
2015:03:12 15:59:36 - –ó–∞–ø–∏—Å—å —Å —É–∫–∞–∑–∞–Ω–Ω—ã–º –∏–¥–µ–Ω—Ç–∏—Ñ–∏–∫–∞—Ç–æ—Ä–æ–º –Ω–µ –Ω–∞–π–¥–µ–Ω–∞ !  - —Å—Ç—Ä.53 –≤ —Ñ–∞–π–ª–µ C:\OpenServer\domains\php2hw7\Classes\AbstractModel.php
2015:03:12 16:00:42 - –ó–∞–ø–∏—Å—å —Å —É–∫–∞–∑–∞–Ω–Ω—ã–º –∏–¥–µ–Ω—Ç–∏—Ñ–∏–∫–∞—Ç–æ—Ä–æ–º –Ω–µ –Ω–∞–π–¥–µ–Ω–∞ !  - —Å—Ç—Ä.53 –≤ —Ñ–∞–π–ª–µ C:\OpenServer\domains\php2hw7\Classes\AbstractModel.php
2015:03:12 16:00:46 - –ó–∞–ø–∏—Å—å —Å —É–∫–∞–∑–∞–Ω–Ω—ã–º –∏–¥–µ–Ω—Ç–∏—Ñ–∏–∫–∞—Ç–æ—Ä–æ–º –Ω–µ –Ω–∞–π–¥–µ–Ω–∞ !  - —Å—Ç—Ä.53 –≤ —Ñ–∞–π–ª–µ C:\OpenServer\domains\php2hw7\Classes\AbstractModel.php
2015:03:12 16:01:09 - –û—à–∏–±–∫–∞ 404 ! –û—Ç—Å—É—Ç—Å–≤—É–µ—Ç id –∑–∞–¥–∞–Ω–æ–π –Ω–æ–≤–æ—Å—Ç–∏ - —Å—Ç—Ä.62 –≤ —Ñ–∞–π–ª–µ C:\OpenServer\domains\php2hw7\Controllers\NewsController.php
2015:03:12 17:09:15 - –ó–∞–ø–∏—Å—å —Å —É–∫–∞–∑–∞–Ω–Ω—ã–º –∏–¥–µ–Ω—Ç–∏—Ñ–∏–∫–∞—Ç–æ—Ä–æ–º –Ω–µ –Ω–∞–π–¥–µ–Ω–∞ !  - —Å—Ç—Ä.53 –≤ —Ñ–∞–π–ª–µ C:\OpenServer\domains\php2hw7\Classes\AbstractModel.php
2015:03:12 17:09:24 - –ó–∞–ø–∏—Å—å —Å —É–∫–∞–∑–∞–Ω–Ω—ã–º –∏–¥–µ–Ω—Ç–∏—Ñ–∏–∫–∞—Ç–æ—Ä–æ–º –Ω–µ –Ω–∞–π–¥–µ–Ω–∞ !  - —Å—Ç—Ä.53 –≤ —Ñ–∞–π–ª–µ C:\OpenServer\domains\php2hw7\Classes\AbstractModel.php
2015:03:12 17:12:07 - –ó–∞–ø–∏—Å—å —Å —É–∫–∞–∑–∞–Ω–Ω—ã–º –∏–¥–µ–Ω—Ç–∏—Ñ–∏–∫–∞—Ç–æ—Ä–æ–º –Ω–µ –Ω–∞–π–¥–µ–Ω–∞ !  - —Å—Ç—Ä.53 –≤ —Ñ–∞–π–ª–µ C:\OpenServer\domains\php2hw7\Classes\AbstractModel.php
2015:03:12 17:20:41 - –û—Ç—Å—É—Ç—Å–≤—É–µ—Ç id –∑–∞–¥–∞–Ω–æ–π –Ω–æ–≤–æ—Å—Ç–∏ - —Å—Ç—Ä.19 –≤ —Ñ–∞–π–ª–µ C:\OpenServer\domains\php2hw7\Controllers\AdminController.php
2015:03:12 17:20:44 - –û—Ç—Å—É—Ç—Å–≤—É–µ—Ç id –∑–∞–¥–∞–Ω–æ–π –Ω–æ–≤–æ—Å—Ç–∏ - —Å—Ç—Ä.19 –≤ —Ñ–∞–π–ª–µ C:\OpenServer\domains\php2hw7\Controllers\AdminController.php
2015:03:12 17:20:56 - –û—Ç—Å—É—Ç—Å–≤—É–µ—Ç id –∑–∞–¥–∞–Ω–æ–π –Ω–æ–≤–æ—Å—Ç–∏ - —Å—Ç—Ä.19 –≤ —Ñ–∞–π–ª–µ C:\OpenServer\domains\php2hw7\Controllers\AdminController.php
2015:03:12 17:21:00 - –û—Ç—Å—É—Ç—Å–≤—É–µ—Ç id –∑–∞–¥–∞–Ω–æ–π –Ω–æ–≤–æ—Å—Ç–∏ - —Å—Ç—Ä.19 –≤ —Ñ–∞–π–ª–µ C:\OpenServer\domains\php2hw7\Controllers\AdminController.php
2015:03:12 17:23:27 - –ó–∞–ø–∏—Å—å —Å —É–∫–∞–∑–∞–Ω–Ω—ã–º –∏–¥–µ–Ω—Ç–∏—Ñ–∏–∫–∞—Ç–æ—Ä–æ–º –Ω–µ –Ω–∞–π–¥–µ–Ω–∞ !  - —Å—Ç—Ä.53 –≤ —Ñ–∞–π–ª–µ C:\OpenServer\domains\php2hw7\Classes\AbstractModel.php
2015:03:12 17:25:42 - –ó–∞–ø–∏—Å—å —Å —É–∫–∞–∑–∞–Ω–Ω—ã–º –∏–¥–µ–Ω—Ç–∏—Ñ–∏–∫–∞—Ç–æ—Ä–æ–º –Ω–µ –Ω–∞–π–¥–µ–Ω–∞ !  - —Å—Ç—Ä.53 –≤ —Ñ–∞–π–ª–µ C:\OpenServer\domains\php2hw7\Classes\AbstractModel.php
2015:03:12 18:26:52 - –û—Ç—Å—É—Ç—Å–≤—É–µ—Ç id –∑–∞–¥–∞–Ω–æ–π –Ω–æ–≤–æ—Å—Ç–∏ - —Å—Ç—Ä.20 –≤ —Ñ–∞–π–ª–µ C:\OpenServer\domains\php2hw7\Controllers\AdminController.php
2015:03:12 18:26:54 - –û—Ç—Å—É—Ç—Å–≤—É–µ—Ç id –∑–∞–¥–∞–Ω–æ–π –Ω–æ–≤–æ—Å—Ç–∏ - —Å—Ç—Ä.20 –≤ —Ñ–∞–π–ª–µ C:\OpenServer\domains\php2hw7\Controllers\AdminController.php
2015:03:12 18:26:56 - –ó–∞–ø–∏—Å—å —Å —É–∫–∞–∑–∞–Ω–Ω—ã–º –∏–¥–µ–Ω—Ç–∏—Ñ–∏–∫–∞—Ç–æ—Ä–æ–º –Ω–µ –Ω–∞–π–¥–µ–Ω–∞ !  - —Å—Ç—Ä.53 –≤ —Ñ–∞–π–ª–µ C:\OpenServer\domains\php2hw7\Classes\AbstractModel.php
2015:03:12 18:26:58 - –ó–∞–ø–∏—Å—å —Å —É–∫–∞–∑–∞–Ω–Ω—ã–º –∏–¥–µ–Ω—Ç–∏—Ñ–∏–∫–∞—Ç–æ—Ä–æ–º –Ω–µ –Ω–∞–π–¥–µ–Ω–∞ !  - —Å—Ç—Ä.53 –≤ —Ñ–∞–π–ª–µ C:\OpenServer\domains\php2hw7\Classes\AbstractModel.php
2015:03:12 18:27:03 - –û—Ç—Å—É—Ç—Å–≤—É–µ—Ç id –∑–∞–¥–∞–Ω–æ–π –Ω–æ–≤–æ—Å—Ç–∏ - —Å—Ç—Ä.20 –≤ —Ñ–∞–π–ª–µ C:\OpenServer\domains\php2hw7\Controllers\AdminController.php
2015:03:12 18:27:12 - –û—Ç—Å—É—Ç—Å–≤—É–µ—Ç id –∑–∞–¥–∞–Ω–æ–π –Ω–æ–≤–æ—Å—Ç–∏ - —Å—Ç—Ä.20 –≤ —Ñ–∞–π–ª–µ C:\OpenServer\domains\php2hw7\Controllers\AdminController.php
2015:03:12 18:28:07 - –û—Ç—Å—É—Ç—Å–≤—É–µ—Ç id –∑–∞–¥–∞–Ω–æ–π –Ω–æ–≤–æ—Å—Ç–∏ - —Å—Ç—Ä.20 –≤ —Ñ–∞–π–ª–µ C:\OpenServer\domains\php2hw7\Controllers\AdminController.php
2015:03:12 18:28:11 - –û—Ç—Å—É—Ç—Å–≤—É–µ—Ç id –∑–∞–¥–∞–Ω–æ–π –Ω–æ–≤–æ—Å—Ç–∏ - —Å—Ç—Ä.20 –≤ —Ñ–∞–π–ª–µ C:\OpenServer\domains\php2hw7\Controllers\AdminController.php
2015:03:12 18:28:56 - –ó–∞–ø–∏—Å—å —Å —É–∫–∞–∑–∞–Ω–Ω—ã–º –∏–¥–µ–Ω—Ç–∏—Ñ–∏–∫–∞—Ç–æ—Ä–æ–º –Ω–µ –Ω–∞–π–¥–µ–Ω–∞ !  - —Å—Ç—Ä.53 –≤ —Ñ–∞–π–ª–µ C:\OpenServer\domains\php2hw7\Classes\AbstractModel.php
2015:03:12 18:28:57 - –ó–∞–ø–∏—Å—å —Å —É–∫–∞–∑–∞–Ω–Ω—ã–º –∏–¥–µ–Ω—Ç–∏—Ñ–∏–∫–∞—Ç–æ—Ä–æ–º –Ω–µ –Ω–∞–π–¥–µ–Ω–∞ !  - —Å—Ç—Ä.53 –≤ —Ñ–∞–π–ª–µ C:\OpenServer\domains\php2hw7\Classes\AbstractModel.php
2015:03:12 18:29:01 - –ó–∞–ø–∏—Å—å —Å —É–∫–∞–∑–∞–Ω–Ω—ã–º –∏–¥–µ–Ω—Ç–∏—Ñ–∏–∫–∞—Ç–æ—Ä–æ–º –Ω–µ –Ω–∞–π–¥–µ–Ω–∞ !  - —Å—Ç—Ä.53 –≤ —Ñ–∞–π–ª–µ C:\OpenServer\domains\php2hw7\Classes\AbstractModel.php
2015:03:12 18:29:04 - –ó–∞–ø–∏—Å—å —Å —É–∫–∞–∑–∞–Ω–Ω—ã–º –∏–¥–µ–Ω—Ç–∏—Ñ–∏–∫–∞—Ç–æ—Ä–æ–º –Ω–µ –Ω–∞–π–¥–µ–Ω–∞ !  - —Å—Ç—Ä.53 –≤ —Ñ–∞–π–ª–µ C:\OpenServer\domains\php2hw7\Classes\AbstractModel.php
2015:03:12 18:32:17 - –ó–∞–ø–∏—Å—å —Å —É–∫–∞–∑–∞–Ω–Ω—ã–º –∏–¥–µ–Ω—Ç–∏—Ñ–∏–∫–∞—Ç–æ—Ä–æ–º –Ω–µ –Ω–∞–π–¥–µ–Ω–∞ !  - —Å—Ç—Ä.53 –≤ —Ñ–∞–π–ª–µ C:\OpenServer\domains\php2hw7\Classes\AbstractModel.php
2015:03:12 18:32:21 - –ó–∞–ø–∏—Å—å —Å —É–∫–∞–∑–∞–Ω–Ω—ã–º –∏–¥–µ–Ω—Ç–∏—Ñ–∏–∫–∞—Ç–æ—Ä–æ–º –Ω–µ –Ω–∞–π–¥–µ–Ω–∞ !  - —Å—Ç—Ä.53 –≤ —Ñ–∞–π–ª–µ C:\OpenServer\domains\php2hw7\Classes\AbstractModel.php
2015:03:12 18:35:06 - –ó–∞–ø–∏—Å—å —Å —É–∫–∞–∑–∞–Ω–Ω—ã–º –∏–¥–µ–Ω—Ç–∏—Ñ–∏–∫–∞—Ç–æ—Ä–æ–º –Ω–µ –Ω–∞–π–¥–µ–Ω–∞ !  - —Å—Ç—Ä.53 –≤ —Ñ–∞–π–ª–µ C:\OpenServer\domains\php2hw7\Classes\AbstractModel.php
2015:03:12 18:35:09 - –ó–∞–ø–∏—Å—å —Å —É–∫–∞–∑–∞–Ω–Ω—ã–º –∏–¥–µ–Ω—Ç–∏—Ñ–∏–∫–∞—Ç–æ—Ä–æ–º –Ω–µ –Ω–∞–π–¥–µ–Ω–∞ !  - —Å—Ç—Ä.53 –≤ —Ñ–∞–π–ª–µ C:\OpenServer\domains\php2hw7\Classes\AbstractModel.php
2015:03:12 18:35:10 - –ó–∞–ø–∏—Å—å —Å —É–∫–∞–∑–∞–Ω–Ω—ã–º –∏–¥–µ–Ω—Ç–∏—Ñ–∏–∫–∞—Ç–æ—Ä–æ–º –Ω–µ –Ω–∞–π–¥–µ–Ω–∞ !  - —Å—Ç—Ä.53 –≤ —Ñ–∞–π–ª–µ C:\OpenServer\domains\php2hw7\Classes\AbstractModel.php
2015:03:12 18:35:13 - –ó–∞–ø–∏—Å—å —Å —É–∫–∞–∑–∞–Ω–Ω—ã–º –∏–¥–µ–Ω—Ç–∏—Ñ–∏–∫–∞—Ç–æ—Ä–æ–º –Ω–µ –Ω–∞–π–¥–µ–Ω–∞ !  - —Å—Ç—Ä.53 –≤ —Ñ–∞–π–ª–µ C:\OpenServer\domains\php2hw7\Classes\AbstractModel.php
2015:03:12 18:35:15 - –ó–∞–ø–∏—Å—å —Å —É–∫–∞–∑–∞–Ω–Ω—ã–º –∏–¥–µ–Ω—Ç–∏—Ñ–∏–∫–∞—Ç–æ—Ä–æ–º –Ω–µ –Ω–∞–π–¥–µ–Ω–∞ !  - —Å—Ç—Ä.53 –≤ —Ñ–∞–π–ª–µ C:\OpenServer\domains\php2hw7\Classes\AbstractModel.php
2015:03:12 18:35:17 - –ó–∞–ø–∏—Å—å —Å —É–∫–∞–∑–∞–Ω–Ω—ã–º –∏–¥–µ–Ω—Ç–∏—Ñ–∏–∫–∞—Ç–æ—Ä–æ–º –Ω–µ –Ω–∞–π–¥–µ–Ω–∞ !  - —Å—Ç—Ä.53 –≤ —Ñ–∞–π–ª–µ C:\OpenServer\domains\php2hw7\Classes\AbstractModel.php
2015:03:12 18:35:21 - –ó–∞–ø–∏—Å—å —Å —É–∫–∞–∑–∞–Ω–Ω—ã–º –∏–¥–µ–Ω—Ç–∏—Ñ–∏–∫–∞—Ç–æ—Ä–æ–º –Ω–µ –Ω–∞–π–¥–µ–Ω–∞ !  - —Å—Ç—Ä.53 –≤ —Ñ–∞–π–ª–µ C:\OpenServer\domains\php2hw7\Classes\AbstractModel.php
2015:03:12 18:36:42 - –ó–∞–ø–∏—Å—å —Å —É–∫–∞–∑–∞–Ω–Ω—ã–º –∏–¥–µ–Ω—Ç–∏—Ñ–∏–∫–∞—Ç–æ—Ä–æ–º –Ω–µ –Ω–∞–π–¥–µ–Ω–∞ !  - —Å—Ç—Ä.53 –≤ —Ñ–∞–π–ª–µ C:\OpenServer\domains\php2hw7\Classes\AbstractModel.php
2015:03:12 18:36:44 - –ó–∞–ø–∏—Å—å —Å —É–∫–∞–∑–∞–Ω–Ω—ã–º –∏–¥–µ–Ω—Ç–∏—Ñ–∏–∫–∞—Ç–æ—Ä–æ–º –Ω–µ –Ω–∞–π–¥–µ–Ω–∞ !  - —Å—Ç—Ä.53 –≤ —Ñ–∞–π–ª–µ C:\OpenServer\domains\php2hw7\Classes\AbstractModel.php
2015:03:12 19:32:43 - –û—Ç—Å—É—Ç—Å–≤—É–µ—Ç id –∑–∞–¥–∞–Ω–æ–π –Ω–æ–≤–æ—Å—Ç–∏ - —Å—Ç—Ä.38 –≤ —Ñ–∞–π–ª–µ C:\OpenServer\domains\php2hw7\Controllers\NewsController.php
2015:03:12 19:33:21 - –û—Ç—Å—É—Ç—Å–≤—É–µ—Ç id –∑–∞–¥–∞–Ω–æ–π –Ω–æ–≤–æ—Å—Ç–∏ - —Å—Ç—Ä.38 –≤ —Ñ–∞–π–ª–µ C:\OpenServer\domains\php2hw7\Controllers\NewsController.php
2015:03:12 19:33:22 - –û—Ç—Å—É—Ç—Å–≤—É–µ—Ç id –∑–∞–¥–∞–Ω–æ–π –Ω–æ–≤–æ—Å—Ç–∏ - —Å—Ç—Ä.38 –≤ —Ñ–∞–π–ª–µ C:\OpenServer\domains\php2hw7\Controllers\NewsController.php
2015:03:12 19:34:46 - –û—Ç—Å—É—Ç—Å–≤—É–µ—Ç id –∑–∞–¥–∞–Ω–æ–π –Ω–æ–≤–æ—Å—Ç–∏ - —Å—Ç—Ä.38 –≤ —Ñ–∞–π–ª–µ C:\OpenServer\domains\php2hw7\Controllers\NewsController.php
2015:03:12 19:34:48 - –û—Ç—Å—É—Ç—Å–≤—É–µ—Ç id –∑–∞–¥–∞–Ω–æ–π –Ω–æ–≤–æ—Å—Ç–∏ - —Å—Ç—Ä.38 –≤ —Ñ–∞–π–ª–µ C:\OpenServer\domains\php2hw7\Controllers\NewsController.php
2015:03:12 19:35:01 - –û—Ç—Å—É—Ç—Å–≤—É–µ—Ç id –∑–∞–¥–∞–Ω–æ–π –Ω–æ–≤–æ—Å—Ç–∏ - —Å—Ç—Ä.38 –≤ —Ñ–∞–π–ª–µ C:\OpenServer\domains\php2hw7\Controllers\NewsController.php
2015:03:12 19:35:29 - –û—Ç—Å—É—Ç—Å–≤—É–µ—Ç id –∑–∞–¥–∞–Ω–æ–π –Ω–æ–≤–æ—Å—Ç–∏ - —Å—Ç—Ä.38 –≤ —Ñ–∞–π–ª–µ C:\OpenServer\domains\php2hw7\Controllers\NewsController.php
2015:03:12 19:35:30 - –û—Ç—Å—É—Ç—Å–≤—É–µ—Ç id –∑–∞–¥–∞–Ω–æ–π –Ω–æ–≤–æ—Å—Ç–∏ - —Å—Ç—Ä.38 –≤ —Ñ–∞–π–ª–µ C:\OpenServer\domains\php2hw7\Controllers\NewsController.php
2015:03:12 19:35:31 - –û—Ç—Å—É—Ç—Å–≤—É–µ—Ç id –∑–∞–¥–∞–Ω–æ–π –Ω–æ–≤–æ—Å—Ç–∏ - —Å—Ç—Ä.38 –≤ —Ñ–∞–π–ª–µ C:\OpenServer\domains\php2hw7\Controllers\NewsController.php
2015:03:12 19:35:40 - –û—Ç—Å—É—Ç—Å–≤—É–µ—Ç id –∑–∞–¥–∞–Ω–æ–π –Ω–æ–≤–æ—Å—Ç–∏ - —Å—Ç—Ä.38 –≤ —Ñ–∞–π–ª–µ C:\OpenServer\domains\php2hw7\Controllers\NewsController.php
2015:03:12 19:35:41 - –û—Ç—Å—É—Ç—Å–≤—É–µ—Ç id –∑–∞–¥–∞–Ω–æ–π –Ω–æ–≤–æ—Å—Ç–∏ - —Å—Ç—Ä.38 –≤ —Ñ–∞–π–ª–µ C:\OpenServer\domains\php2hw7\Controllers\NewsController.php
2015:03:12 19:35:47 - –û—Ç—Å—É—Ç—Å–≤—É–µ—Ç id –∑–∞–¥–∞–Ω–æ–π –Ω–æ–≤–æ—Å—Ç–∏ - —Å—Ç—Ä.38 –≤ —Ñ–∞–π–ª–µ C:\OpenServer\domains\php2hw7\Controllers\NewsController.php
